<?xml version="1.0" encoding="UTF-8"?>
<testsuite name="API Regression Suite" tests="25" failures="25" errors="0" skipped="0" time="0.393" timestamp="2026-04-08T18:57:44.770Z">
    <testcase classname="user.get" name="Get user by non-existent ID" time="0.27">
      <failure type="network" message="Request failed: fetch failed"/>
    </testcase>
    <testcase classname="product.list" name="Products pagination" time="0.283">
      <failure type="network" message="Request failed: fetch failed"/>
    </testcase>
    <testcase classname="auth.login" name="User login with valid credentials" time="0.294">
      <failure type="network" message="Request failed: fetch failed"/>
    </testcase>
    <testcase classname="error.500" name="500 internal server error" time="0.308">
      <failure type="network" message="Request failed: fetch failed"/>
    </testcase>
    <testcase classname="user.create" name="Create new user" time="0.047">
      <failure type="network" message="Request failed: fetch failed"/>
    </testcase>
    <testcase classname="product.get" name="Get product by ID" time="0.047">
      <failure type="network" message="Request failed: fetch failed"/>
    </testcase>
    <testcase classname="auth.login" name="User login with invalid credentials" time="0.04">
      <failure type="network" message="Request failed: fetch failed"/>
    </testcase>
    <testcase classname="error" name="Request timeout handling" time="0.032">
      <failure type="network" message="Request failed: fetch failed"/>
    </testcase>
    <testcase classname="user.create" name="Create user with duplicate email" time="0.02">
      <failure type="network" message="Request failed: fetch failed"/>
    </testcase>
    <testcase classname="product.create" name="Create product with validation" time="0.016">
      <failure type="network" message="Request failed: fetch failed"/>
    </testcase>
    <testcase classname="auth.login" name="User login with missing required fields" time="0.016">
      <failure type="network" message="Request failed: fetch failed"/>
    </testcase>
    <testcase classname="perf.response_time" name="Response time for list endpoint" time="0.016">
      <failure type="network" message="Request failed: fetch failed"/>
    </testcase>
    <testcase classname="user.update" name="Update user details" time="0.019">
      <failure type="network" message="Request failed: fetch failed"/>
    </testcase>
    <testcase classname="product" name="Filter products by price range" time="0.019">
      <failure type="network" message="Request failed: fetch failed"/>
    </testcase>
    <testcase classname="auth.logout" name="User logout with valid token" time="0.016">
      <failure type="network" message="Request failed: fetch failed"/>
    </testcase>
    <testcase classname="perf.response_time" name="Response time for create endpoint" time="0.017">
      <failure type="network" message="Request failed: fetch failed"/>
    </testcase>
    <testcase classname="user.delete" name="Delete user" time="0.01">
      <failure type="network" message="Request failed: fetch failed"/>
    </testcase>
    <testcase classname="error.404" name="404 for non-existent endpoint" time="0.01">
      <failure type="network" message="Request failed: fetch failed"/>
    </testcase>
    <testcase classname="auth.token" name="Refresh authentication token" time="0.011">
      <failure type="network" message="Request failed: fetch failed"/>
    </testcase>
    <testcase classname="product.list" name="List all products" time="0.008">
      <failure type="network" message="Request failed: fetch failed"/>
    </testcase>
    <testcase classname="error.405" name="405 for wrong HTTP method" time="0.007">
      <failure type="network" message="Request failed: fetch failed"/>
    </testcase>
    <testcase classname="user.list" name="List all users" time="0.006">
      <failure type="network" message="Request failed: fetch failed"/>
    </testcase>
    <testcase classname="product.list" name="Filter products by category" time="0.005">
      <failure type="network" message="Request failed: fetch failed"/>
    </testcase>
    <testcase classname="error.429" name="429 rate limit exceeded" time="0.003">
      <failure type="network" message="Request failed: fetch failed"/>
    </testcase>
    <testcase classname="user.get" name="Get user by ID" time="0.002">
      <failure type="network" message="Request failed: fetch failed"/>
    </testcase>
</testsuite>